<?xml version="1.0" encoding="UTF-8"?>
<testsuite name="meuprojeto.Pet" tests="1" skipped="0" failures="0" errors="0" timestamp="2021-09-09T02:27:08" hostname="DESKTOP-OCI83CL" time="7.037">
  <properties/>
  <testcase name="alterarPet" classname="meuprojeto.Pet" time="7.037"/>
  <system-out><![CDATA[Request method:	PUT
Request URI:	https://petstore.swagger.io/v2/pet
Proxy:			<none>
Request params:	<none>
Query params:	<none>
Form params:	<none>
Path params:	<none>
Headers:		Accept=*/*
				Content-Type=application/json; charset=UTF-8
Cookies:		<none>
Multiparts:		<none>
Body:
{
    "id": 278652334,
    "category": {
        "id": 1,
        "name": "dog"
    },
    "name": "Akita",
    "photoUrls": [
        "string"
    ],
    "tags": [
        {
            "id": 2021,
            "name": "sta"
        }
    ],
    "status": "sold"
}
HTTP/1.1 200 OK
Date: Thu, 09 Sep 2021 02:27:10 GMT
Content-Type: application/json
Transfer-Encoding: chunked
Connection: keep-alive
Access-Control-Allow-Origin: *
Access-Control-Allow-Methods: GET, POST, DELETE, PUT
Access-Control-Allow-Headers: Content-Type, api_key, Authorization
Server: Jetty(9.2.9.v20150224)

{
    "id": 278652334,
    "category": {
        "id": 1,
        "name": "dog"
    },
    "name": "Akita",
    "photoUrls": [
        "string"
    ],
    "tags": [
        {
            "id": 2021,
            "name": "sta"
        }
    ],
    "status": "sold"
}
]]></system-out>
  <system-err><![CDATA[]]></system-err>
</testsuite>
