<?xml version="1.0" encoding="UTF-8"?>
<testsuite name="meuprojeto.Pet" tests="1" skipped="0" failures="0" errors="0" timestamp="2021-09-01T02:42:59" hostname="DESKTOP-OCI83CL" time="6.837">
  <properties/>
  <testcase name="consultarPet" classname="meuprojeto.Pet" time="6.837"/>
  <system-out><![CDATA[Request method:	GET
Request URI:	https://petstore.swagger.io/v2/pet/278652334
Proxy:			<none>
Request params:	<none>
Query params:	<none>
Form params:	<none>
Path params:	<none>
Headers:		Accept=*/*
				Content-Type=aplication/json; charset=ISO-8859-1
Cookies:		<none>
Multiparts:		<none>
Body:			<none>
HTTP/1.1 200 OK
Date: Wed, 01 Sep 2021 02:43:01 GMT
Content-Type: application/json
Transfer-Encoding: chunked
Connection: keep-alive
Access-Control-Allow-Origin: *
Access-Control-Allow-Methods: GET, POST, DELETE, PUT
Access-Control-Allow-Headers: Content-Type, api_key, Authorization
Server: Jetty(9.2.9.v20150224)

{
    "id": 278652334,
    "category": {
        "id": 1,
        "name": "dog"
    },
    "name": "Akita",
    "photoUrls": [
        "string"
    ],
    "tags": [
        {
            "id": 2021,
            "name": "sta"
        }
    ],
    "status": "available"
}
]]></system-out>
  <system-err><![CDATA[]]></system-err>
</testsuite>
